This is pdfTeX, Version 3.14159265-2.6-1.40.16 (TeX Live 2015/Debian) (preloaded format=pdflatex 2018.6.19)  21 JUN 2018 15:58
entering extended mode
 restricted \write18 enabled.
 %&-line parsing enabled.
**main.tex
(./main.tex
LaTeX2e <2016/02/01>
Babel <3.9q> and hyphenation patterns for 29 language(s) loaded.
(/usr/share/texlive/texmf-dist/tex/latex/base/report.cls
Document Class: report 2014/09/29 v1.4h Standard LaTeX document class
(/usr/share/texlive/texmf-dist/tex/latex/base/size12.clo
File: size12.clo 2014/09/29 v1.4h Standard LaTeX file (size option)
)
\c@part=\count79
\c@chapter=\count80
\c@section=\count81
\c@subsection=\count82
\c@subsubsection=\count83
\c@paragraph=\count84
\c@subparagraph=\count85
\c@figure=\count86
\c@table=\count87
\abovecaptionskip=\skip41
\belowcaptionskip=\skip42
\bibindent=\dimen102
)
(/usr/share/texlive/texmf-dist/tex/latex/base/inputenc.sty
Package: inputenc 2015/03/17 v1.2c Input encoding file
\inpenc@prehook=\toks14
\inpenc@posthook=\toks15

(/usr/share/texlive/texmf-dist/tex/latex/base/utf8.def
File: utf8.def 2015/12/03 v1.1r UTF-8 support for inputenc
Now handling font encoding OML ...
... no UTF-8 mapping file for font encoding OML
Now handling font encoding T1 ...
... processing UTF-8 mapping file for font encoding T1

(/usr/share/texlive/texmf-dist/tex/latex/base/t1enc.dfu
File: t1enc.dfu 2015/12/03 v1.1r UTF-8 support for inputenc
   defining Unicode char U+00A0 (decimal 160)
   defining Unicode char U+00A1 (decimal 161)
   defining Unicode char U+00A3 (decimal 163)
   defining Unicode char U+00AB (decimal 171)
   defining Unicode char U+00AD (decimal 173)
   defining Unicode char U+00BB (decimal 187)
   defining Unicode char U+00BF (decimal 191)
   defining Unicode char U+00C0 (decimal 192)
   defining Unicode char U+00C1 (decimal 193)
   defining Unicode char U+00C2 (decimal 194)
   defining Unicode char U+00C3 (decimal 195)
   defining Unicode char U+00C4 (decimal 196)
   defining Unicode char U+00C5 (decimal 197)
   defining Unicode char U+00C6 (decimal 198)
   defining Unicode char U+00C7 (decimal 199)
   defining Unicode char U+00C8 (decimal 200)
   defining Unicode char U+00C9 (decimal 201)
   defining Unicode char U+00CA (decimal 202)
   defining Unicode char U+00CB (decimal 203)
   defining Unicode char U+00CC (decimal 204)
   defining Unicode char U+00CD (decimal 205)
   defining Unicode char U+00CE (decimal 206)
   defining Unicode char U+00CF (decimal 207)
   defining Unicode char U+00D0 (decimal 208)
   defining Unicode char U+00D1 (decimal 209)
   defining Unicode char U+00D2 (decimal 210)
   defining Unicode char U+00D3 (decimal 211)
   defining Unicode char U+00D4 (decimal 212)
   defining Unicode char U+00D5 (decimal 213)
   defining Unicode char U+00D6 (decimal 214)
   defining Unicode char U+00D8 (decimal 216)
   defining Unicode char U+00D9 (decimal 217)
   defining Unicode char U+00DA (decimal 218)
   defining Unicode char U+00DB (decimal 219)
   defining Unicode char U+00DC (decimal 220)
   defining Unicode char U+00DD (decimal 221)
   defining Unicode char U+00DE (decimal 222)
   defining Unicode char U+00DF (decimal 223)
   defining Unicode char U+00E0 (decimal 224)
   defining Unicode char U+00E1 (decimal 225)
   defining Unicode char U+00E2 (decimal 226)
   defining Unicode char U+00E3 (decimal 227)
   defining Unicode char U+00E4 (decimal 228)
   defining Unicode char U+00E5 (decimal 229)
   defining Unicode char U+00E6 (decimal 230)
   defining Unicode char U+00E7 (decimal 231)
   defining Unicode char U+00E8 (decimal 232)
   defining Unicode char U+00E9 (decimal 233)
   defining Unicode char U+00EA (decimal 234)
   defining Unicode char U+00EB (decimal 235)
   defining Unicode char U+00EC (decimal 236)
   defining Unicode char U+00ED (decimal 237)
   defining Unicode char U+00EE (decimal 238)
   defining Unicode char U+00EF (decimal 239)
   defining Unicode char U+00F0 (decimal 240)
   defining Unicode char U+00F1 (decimal 241)
   defining Unicode char U+00F2 (decimal 242)
   defining Unicode char U+00F3 (decimal 243)
   defining Unicode char U+00F4 (decimal 244)
   defining Unicode char U+00F5 (decimal 245)
   defining Unicode char U+00F6 (decimal 246)
   defining Unicode char U+00F8 (decimal 248)
   defining Unicode char U+00F9 (decimal 249)
   defining Unicode char U+00FA (decimal 250)
   defining Unicode char U+00FB (decimal 251)
   defining Unicode char U+00FC (decimal 252)
   defining Unicode char U+00FD (decimal 253)
   defining Unicode char U+00FE (decimal 254)
   defining Unicode char U+00FF (decimal 255)
   defining Unicode char U+0100 (decimal 256)
   defining Unicode char U+0101 (decimal 257)
   defining Unicode char U+0102 (decimal 258)
   defining Unicode char U+0103 (decimal 259)
   defining Unicode char U+0104 (decimal 260)
   defining Unicode char U+0105 (decimal 261)
   defining Unicode char U+0106 (decimal 262)
   defining Unicode char U+0107 (decimal 263)
   defining Unicode char U+0108 (decimal 264)
   defining Unicode char U+0109 (decimal 265)
   defining Unicode char U+010A (decimal 266)
   defining Unicode char U+010B (decimal 267)
   defining Unicode char U+010C (decimal 268)
   defining Unicode char U+010D (decimal 269)
   defining Unicode char U+010E (decimal 270)
   defining Unicode char U+010F (decimal 271)
   defining Unicode char U+0110 (decimal 272)
   defining Unicode char U+0111 (decimal 273)
   defining Unicode char U+0112 (decimal 274)
   defining Unicode char U+0113 (decimal 275)
   defining Unicode char U+0114 (decimal 276)
   defining Unicode char U+0115 (decimal 277)
   defining Unicode char U+0116 (decimal 278)
   defining Unicode char U+0117 (decimal 279)
   defining Unicode char U+0118 (decimal 280)
   defining Unicode char U+0119 (decimal 281)
   defining Unicode char U+011A (decimal 282)
   defining Unicode char U+011B (decimal 283)
   defining Unicode char U+011C (decimal 284)
   defining Unicode char U+011D (decimal 285)
   defining Unicode char U+011E (decimal 286)
   defining Unicode char U+011F (decimal 287)
   defining Unicode char U+0120 (decimal 288)
   defining Unicode char U+0121 (decimal 289)
   defining Unicode char U+0122 (decimal 290)
   defining Unicode char U+0123 (decimal 291)
   defining Unicode char U+0124 (decimal 292)
   defining Unicode char U+0125 (decimal 293)
   defining Unicode char U+0128 (decimal 296)
   defining Unicode char U+0129 (decimal 297)
   defining Unicode char U+012A (decimal 298)
   defining Unicode char U+012B (decimal 299)
   defining Unicode char U+012C (decimal 300)
   defining Unicode char U+012D (decimal 301)
   defining Unicode char U+012E (decimal 302)
   defining Unicode char U+012F (decimal 303)
   defining Unicode char U+0130 (decimal 304)
   defining Unicode char U+0131 (decimal 305)
   defining Unicode char U+0132 (decimal 306)
   defining Unicode char U+0133 (decimal 307)
   defining Unicode char U+0134 (decimal 308)
   defining Unicode char U+0135 (decimal 309)
   defining Unicode char U+0136 (decimal 310)
   defining Unicode char U+0137 (decimal 311)
   defining Unicode char U+0139 (decimal 313)
   defining Unicode char U+013A (decimal 314)
   defining Unicode char U+013B (decimal 315)
   defining Unicode char U+013C (decimal 316)
   defining Unicode char U+013D (decimal 317)
   defining Unicode char U+013E (decimal 318)
   defining Unicode char U+0141 (decimal 321)
   defining Unicode char U+0142 (decimal 322)
   defining Unicode char U+0143 (decimal 323)
   defining Unicode char U+0144 (decimal 324)
   defining Unicode char U+0145 (decimal 325)
   defining Unicode char U+0146 (decimal 326)
   defining Unicode char U+0147 (decimal 327)
   defining Unicode char U+0148 (decimal 328)
   defining Unicode char U+014A (decimal 330)
   defining Unicode char U+014B (decimal 331)
   defining Unicode char U+014C (decimal 332)
   defining Unicode char U+014D (decimal 333)
   defining Unicode char U+014E (decimal 334)
   defining Unicode char U+014F (decimal 335)
   defining Unicode char U+0150 (decimal 336)
   defining Unicode char U+0151 (decimal 337)
   defining Unicode char U+0152 (decimal 338)
   defining Unicode char U+0153 (decimal 339)
   defining Unicode char U+0154 (decimal 340)
   defining Unicode char U+0155 (decimal 341)
   defining Unicode char U+0156 (decimal 342)
   defining Unicode char U+0157 (decimal 343)
   defining Unicode char U+0158 (decimal 344)
   defining Unicode char U+0159 (decimal 345)
   defining Unicode char U+015A (decimal 346)
   defining Unicode char U+015B (decimal 347)
   defining Unicode char U+015C (decimal 348)
   defining Unicode char U+015D (decimal 349)
   defining Unicode char U+015E (decimal 350)
   defining Unicode char U+015F (decimal 351)
   defining Unicode char U+0160 (decimal 352)
   defining Unicode char U+0161 (decimal 353)
   defining Unicode char U+0162 (decimal 354)
   defining Unicode char U+0163 (decimal 355)
   defining Unicode char U+0164 (decimal 356)
   defining Unicode char U+0165 (decimal 357)
   defining Unicode char U+0168 (decimal 360)
   defining Unicode char U+0169 (decimal 361)
   defining Unicode char U+016A (decimal 362)
   defining Unicode char U+016B (decimal 363)
   defining Unicode char U+016C (decimal 364)
   defining Unicode char U+016D (decimal 365)
   defining Unicode char U+016E (decimal 366)
   defining Unicode char U+016F (decimal 367)
   defining Unicode char U+0170 (decimal 368)
   defining Unicode char U+0171 (decimal 369)
   defining Unicode char U+0172 (decimal 370)
   defining Unicode char U+0173 (decimal 371)
   defining Unicode char U+0174 (decimal 372)
   defining Unicode char U+0175 (decimal 373)
   defining Unicode char U+0176 (decimal 374)
   defining Unicode char U+0177 (decimal 375)
   defining Unicode char U+0178 (decimal 376)
   defining Unicode char U+0179 (decimal 377)
   defining Unicode char U+017A (decimal 378)
   defining Unicode char U+017B (decimal 379)
   defining Unicode char U+017C (decimal 380)
   defining Unicode char U+017D (decimal 381)
   defining Unicode char U+017E (decimal 382)
   defining Unicode char U+01CD (decimal 461)
   defining Unicode char U+01CE (decimal 462)
   defining Unicode char U+01CF (decimal 463)
   defining Unicode char U+01D0 (decimal 464)
   defining Unicode char U+01D1 (decimal 465)
   defining Unicode char U+01D2 (decimal 466)
   defining Unicode char U+01D3 (decimal 467)
   defining Unicode char U+01D4 (decimal 468)
   defining Unicode char U+01E2 (decimal 482)
   defining Unicode char U+01E3 (decimal 483)
   defining Unicode char U+01E6 (decimal 486)
   defining Unicode char U+01E7 (decimal 487)
   defining Unicode char U+01E8 (decimal 488)
   defining Unicode char U+01E9 (decimal 489)
   defining Unicode char U+01EA (decimal 490)
   defining Unicode char U+01EB (decimal 491)
   defining Unicode char U+01F0 (decimal 496)
   defining Unicode char U+01F4 (decimal 500)
   defining Unicode char U+01F5 (decimal 501)
   defining Unicode char U+0218 (decimal 536)
   defining Unicode char U+0219 (decimal 537)
   defining Unicode char U+021A (decimal 538)
   defining Unicode char U+021B (decimal 539)
   defining Unicode char U+01E02 (decimal 7682)
   defining Unicode char U+01E03 (decimal 7683)
   defining Unicode char U+200C (decimal 8204)
   defining Unicode char U+2013 (decimal 8211)
   defining Unicode char U+2014 (decimal 8212)
   defining Unicode char U+2018 (decimal 8216)
   defining Unicode char U+2019 (decimal 8217)
   defining Unicode char U+201A (decimal 8218)
   defining Unicode char U+201C (decimal 8220)
   defining Unicode char U+201D (decimal 8221)
   defining Unicode char U+201E (decimal 8222)
   defining Unicode char U+2030 (decimal 8240)
   defining Unicode char U+2031 (decimal 8241)
   defining Unicode char U+2039 (decimal 8249)
   defining Unicode char U+203A (decimal 8250)
   defining Unicode char U+2423 (decimal 9251)
)
Now handling font encoding OT1 ...
... processing UTF-8 mapping file for font encoding OT1

(/usr/share/texlive/texmf-dist/tex/latex/base/ot1enc.dfu
File: ot1enc.dfu 2015/12/03 v1.1r UTF-8 support for inputenc
   defining Unicode char U+00A0 (decimal 160)
   defining Unicode char U+00A1 (decimal 161)
   defining Unicode char U+00A3 (decimal 163)
   defining Unicode char U+00AD (decimal 173)
   defining Unicode char U+00B8 (decimal 184)
   defining Unicode char U+00BF (decimal 191)
   defining Unicode char U+00C5 (decimal 197)
   defining Unicode char U+00C6 (decimal 198)
   defining Unicode char U+00D8 (decimal 216)
   defining Unicode char U+00DF (decimal 223)
   defining Unicode char U+00E6 (decimal 230)
   defining Unicode char U+00EC (decimal 236)
   defining Unicode char U+00ED (decimal 237)
   defining Unicode char U+00EE (decimal 238)
   defining Unicode char U+00EF (decimal 239)
   defining Unicode char U+00F8 (decimal 248)
   defining Unicode char U+0131 (decimal 305)
   defining Unicode char U+0141 (decimal 321)
   defining Unicode char U+0142 (decimal 322)
   defining Unicode char U+0152 (decimal 338)
   defining Unicode char U+0153 (decimal 339)
   defining Unicode char U+0174 (decimal 372)
   defining Unicode char U+0175 (decimal 373)
   defining Unicode char U+0176 (decimal 374)
   defining Unicode char U+0177 (decimal 375)
   defining Unicode char U+0218 (decimal 536)
   defining Unicode char U+0219 (decimal 537)
   defining Unicode char U+021A (decimal 538)
   defining Unicode char U+021B (decimal 539)
   defining Unicode char U+2013 (decimal 8211)
   defining Unicode char U+2014 (decimal 8212)
   defining Unicode char U+2018 (decimal 8216)
   defining Unicode char U+2019 (decimal 8217)
   defining Unicode char U+201C (decimal 8220)
   defining Unicode char U+201D (decimal 8221)
)
Now handling font encoding OMS ...
... processing UTF-8 mapping file for font encoding OMS

(/usr/share/texlive/texmf-dist/tex/latex/base/omsenc.dfu
File: omsenc.dfu 2015/12/03 v1.1r UTF-8 support for inputenc
   defining Unicode char U+00A7 (decimal 167)
   defining Unicode char U+00B6 (decimal 182)
   defining Unicode char U+00B7 (decimal 183)
   defining Unicode char U+2020 (decimal 8224)
   defining Unicode char U+2021 (decimal 8225)
   defining Unicode char U+2022 (decimal 8226)
)
Now handling font encoding OMX ...
... no UTF-8 mapping file for font encoding OMX
Now handling font encoding U ...
... no UTF-8 mapping file for font encoding U
   defining Unicode char U+00A9 (decimal 169)
   defining Unicode char U+00AA (decimal 170)
   defining Unicode char U+00AE (decimal 174)
   defining Unicode char U+00BA (decimal 186)
   defining Unicode char U+02C6 (decimal 710)
   defining Unicode char U+02DC (decimal 732)
   defining Unicode char U+200C (decimal 8204)
   defining Unicode char U+2026 (decimal 8230)
   defining Unicode char U+2122 (decimal 8482)
   defining Unicode char U+2423 (decimal 9251)
))
(/usr/share/texlive/texmf-dist/tex/latex/tools/array.sty
Package: array 2014/10/28 v2.4c Tabular extension package (FMi)
\col@sep=\dimen103
\extrarowheight=\dimen104
\NC@list=\toks16
\extratabsurround=\skip43
\backup@length=\skip44
)
(/usr/share/texlive/texmf-dist/tex/latex/booktabs/booktabs.sty
Package: booktabs 2005/04/14 v1.61803 publication quality tables
\heavyrulewidth=\dimen105
\lightrulewidth=\dimen106
\cmidrulewidth=\dimen107
\belowrulesep=\dimen108
\belowbottomsep=\dimen109
\aboverulesep=\dimen110
\abovetopsep=\dimen111
\cmidrulesep=\dimen112
\cmidrulekern=\dimen113
\defaultaddspace=\dimen114
\@cmidla=\count88
\@cmidlb=\count89
\@aboverulesep=\dimen115
\@belowrulesep=\dimen116
\@thisruleclass=\count90
\@lastruleclass=\count91
\@thisrulewidth=\dimen117
)
(/usr/share/texlive/texmf-dist/tex/latex/graphics/graphicx.sty
Package: graphicx 2014/10/28 v1.0g Enhanced LaTeX Graphics (DPC,SPQR)

(/usr/share/texlive/texmf-dist/tex/latex/graphics/keyval.sty
Package: keyval 2014/10/28 v1.15 key=value parser (DPC)
\KV@toks@=\toks17
)
(/usr/share/texlive/texmf-dist/tex/latex/graphics/graphics.sty
Package: graphics 2016/01/03 v1.0q Standard LaTeX Graphics (DPC,SPQR)

(/usr/share/texlive/texmf-dist/tex/latex/graphics/trig.sty
Package: trig 2016/01/03 v1.10 sin cos tan (DPC)
)
(/usr/share/texlive/texmf-dist/tex/latex/latexconfig/graphics.cfg
File: graphics.cfg 2010/04/23 v1.9 graphics configuration of TeX Live
)
Package graphics Info: Driver file: pdftex.def on input line 95.

(/usr/share/texlive/texmf-dist/tex/latex/pdftex-def/pdftex.def
File: pdftex.def 2011/05/27 v0.06d Graphics/color for pdfTeX

(/usr/share/texlive/texmf-dist/tex/generic/oberdiek/infwarerr.sty
Package: infwarerr 2010/04/08 v1.3 Providing info/warning/error messages (HO)
)
(/usr/share/texlive/texmf-dist/tex/generic/oberdiek/ltxcmds.sty
Package: ltxcmds 2011/11/09 v1.22 LaTeX kernel commands for general use (HO)
)
\Gread@gobject=\count92
))
\Gin@req@height=\dimen118
\Gin@req@width=\dimen119
)
(/usr/share/texlive/texmf-dist/tex/latex/float/float.sty
Package: float 2001/11/08 v1.3d Float enhancements (AL)
\c@float@type=\count93
\float@exts=\toks18
\float@box=\box26
\@float@everytoks=\toks19
\@floatcapt=\box27
)
(/usr/share/texlive/texmf-dist/tex/latex/listings/listings.sty
\lst@mode=\count94
\lst@gtempboxa=\box28
\lst@token=\toks20
\lst@length=\count95
\lst@currlwidth=\dimen120
\lst@column=\count96
\lst@pos=\count97
\lst@lostspace=\dimen121
\lst@width=\dimen122
\lst@newlines=\count98
\lst@lineno=\count99
\lst@maxwidth=\dimen123

(/usr/share/texlive/texmf-dist/tex/latex/listings/lstmisc.sty
File: lstmisc.sty 2015/06/04 1.6 (Carsten Heinz)
\c@lstnumber=\count100
\lst@skipnumbers=\count101
\lst@framebox=\box29
)
(/usr/share/texlive/texmf-dist/tex/latex/listings/listings.cfg
File: listings.cfg 2015/06/04 1.6 listings configuration
))
Package: listings 2015/06/04 1.6 (Carsten Heinz)

(/usr/share/texlive/texmf-dist/tex/latex/xcolor/xcolor.sty
Package: xcolor 2007/01/21 v2.11 LaTeX color extensions (UK)

(/usr/share/texlive/texmf-dist/tex/latex/latexconfig/color.cfg
File: color.cfg 2007/01/18 v1.5 color configuration of teTeX/TeXLive
)
Package xcolor Info: Driver file: pdftex.def on input line 225.
Package xcolor Info: Model `cmy' substituted by `cmy0' on input line 1337.
Package xcolor Info: Model `hsb' substituted by `rgb' on input line 1341.
Package xcolor Info: Model `RGB' extended on input line 1353.
Package xcolor Info: Model `HTML' substituted by `rgb' on input line 1355.
Package xcolor Info: Model `Hsb' substituted by `hsb' on input line 1356.
Package xcolor Info: Model `tHsb' substituted by `hsb' on input line 1357.
Package xcolor Info: Model `HSB' substituted by `hsb' on input line 1358.
Package xcolor Info: Model `Gray' substituted by `gray' on input line 1359.
Package xcolor Info: Model `wave' substituted by `hsb' on input line 1360.
)
(/usr/share/texlive/texmf-dist/tex/latex/tools/afterpage.sty
Package: afterpage 2014/10/28 v1.08 After-Page Package (DPC)
\AP@output=\toks21
\AP@partial=\box30
\AP@footins=\box31
)
(/usr/share/texlive/texmf-dist/tex/latex/caption/caption.sty
Package: caption 2016/02/21 v3.3-144 Customizing captions (AR)

(/usr/share/texlive/texmf-dist/tex/latex/caption/caption3.sty
Package: caption3 2016/02/04 v1.7-139 caption3 kernel (AR)
Package caption3 Info: TeX engine: e-TeX on input line 67.
\captionmargin=\dimen124
\captionmargin@=\dimen125
\captionwidth=\dimen126
\caption@tempdima=\dimen127
\caption@indent=\dimen128
\caption@parindent=\dimen129
\caption@hangindent=\dimen130
)

! Package caption Error: Undefined label separator `""'.

See the caption package documentation for explanation.
Type  H <return>  for immediate help.
 ...                                              
                                                  
l.292 \caption@ProcessOptions*{caption}
                                       
If you do not understand this error, please take a closer look
at the documentation of the `caption' package, especially the
section about errors.
Try typing  <return>  to proceed.
If that doesn't work, type  X <return>  to quit.

\c@ContinuedFloat=\count102
Package caption Info: float package is loaded.
Package caption Info: listings package is loaded.
) (/usr/share/texlive/texmf-dist/tex/generic/babel/babel.sty
Package: babel 2016/02/24 3.9q The Babel package

(/usr/share/texlive/texmf-dist/tex/generic/babel-romanian/romanian.ldf
Language: romanian 2005/03/31 v1.2l Romanian support from the babel system

(/usr/share/texlive/texmf-dist/tex/generic/babel/babel.def
File: babel.def 2016/02/24 3.9q Babel common definitions
\babel@savecnt=\count103
\U@D=\dimen131
)))
\tindent=\skip45
 (./main.aux)
\openout1 = `main.aux'.

LaTeX Font Info:    Checking defaults for OML/cmm/m/it on input line 46.
LaTeX Font Info:    ... okay on input line 46.
LaTeX Font Info:    Checking defaults for T1/cmr/m/n on input line 46.
LaTeX Font Info:    ... okay on input line 46.
LaTeX Font Info:    Checking defaults for OT1/cmr/m/n on input line 46.
LaTeX Font Info:    ... okay on input line 46.
LaTeX Font Info:    Checking defaults for OMS/cmsy/m/n on input line 46.
LaTeX Font Info:    ... okay on input line 46.
LaTeX Font Info:    Checking defaults for OMX/cmex/m/n on input line 46.
LaTeX Font Info:    ... okay on input line 46.
LaTeX Font Info:    Checking defaults for U/cmr/m/n on input line 46.
LaTeX Font Info:    ... okay on input line 46.

(/usr/share/texlive/texmf-dist/tex/context/base/supp-pdf.mkii
[Loading MPS to PDF converter (version 2006.09.02).]
\scratchcounter=\count104
\scratchdimen=\dimen132
\scratchbox=\box32
\nofMPsegments=\count105
\nofMParguments=\count106
\everyMPshowfont=\toks22
\MPscratchCnt=\count107
\MPscratchDim=\dimen133
\MPnumerator=\count108
\makeMPintoPDFobject=\count109
\everyMPtoPDFconversion=\toks23
) (/usr/share/texlive/texmf-dist/tex/generic/oberdiek/pdftexcmds.sty
Package: pdftexcmds 2011/11/29 v0.20 Utility functions of pdfTeX for LuaTeX (HO
)

(/usr/share/texlive/texmf-dist/tex/generic/oberdiek/ifluatex.sty
Package: ifluatex 2010/03/01 v1.3 Provides the ifluatex switch (HO)
Package ifluatex Info: LuaTeX not detected.
)
(/usr/share/texlive/texmf-dist/tex/generic/oberdiek/ifpdf.sty
Package: ifpdf 2011/01/30 v2.3 Provides the ifpdf switch (HO)
Package ifpdf Info: pdfTeX in PDF mode is detected.
)
Package pdftexcmds Info: LuaTeX not detected.
Package pdftexcmds Info: \pdf@primitive is available.
Package pdftexcmds Info: \pdf@ifprimitive is available.
Package pdftexcmds Info: \pdfdraftmode found.
)
(/usr/share/texlive/texmf-dist/tex/latex/oberdiek/epstopdf-base.sty
Package: epstopdf-base 2010/02/09 v2.5 Base part for package epstopdf

(/usr/share/texlive/texmf-dist/tex/latex/oberdiek/grfext.sty
Package: grfext 2010/08/19 v1.1 Manage graphics extensions (HO)

(/usr/share/texlive/texmf-dist/tex/generic/oberdiek/kvdefinekeys.sty
Package: kvdefinekeys 2011/04/07 v1.3 Define keys (HO)
))
(/usr/share/texlive/texmf-dist/tex/latex/oberdiek/kvoptions.sty
Package: kvoptions 2011/06/30 v3.11 Key value format for package options (HO)

(/usr/share/texlive/texmf-dist/tex/generic/oberdiek/kvsetkeys.sty
Package: kvsetkeys 2012/04/25 v1.16 Key value parser (HO)

(/usr/share/texlive/texmf-dist/tex/generic/oberdiek/etexcmds.sty
Package: etexcmds 2011/02/16 v1.5 Avoid name clashes with e-TeX commands (HO)
Package etexcmds Info: Could not find \expanded.
(etexcmds)             That can mean that you are not using pdfTeX 1.50 or
(etexcmds)             that some package has redefined \expanded.
(etexcmds)             In the latter case, load this package earlier.
)))
Package grfext Info: Graphics extension search list:
(grfext)             [.png,.pdf,.jpg,.mps,.jpeg,.jbig2,.jb2,.PNG,.PDF,.JPG,.JPE
G,.JBIG2,.JB2,.eps]
(grfext)             \AppendGraphicsExtensions on input line 452.

(/usr/share/texlive/texmf-dist/tex/latex/latexconfig/epstopdf-sys.cfg
File: epstopdf-sys.cfg 2010/07/13 v1.3 Configuration of (r)epstopdf for TeX Liv
e
))
\c@lstlisting=\count110
Package caption Info: Begin \AtBeginDocument code.
Package caption Info: End \AtBeginDocument code.

(./capitole/coperta.tex
LaTeX Font Info:    External font `cmex10' loaded for size
(Font)              <14.4> on input line 2.
LaTeX Font Info:    External font `cmex10' loaded for size
(Font)              <7> on input line 2.
 <imagini/sigla_fii.png, id=1, 112.42pt x 104.39pt>
File: imagini/sigla_fii.png Graphic file (type png)

<use imagini/sigla_fii.png>
Package pdftex.def Info: imagini/sigla_fii.png used on input line 13.
(pdftex.def)             Requested size: 56.9063pt x 52.84155pt.
LaTeX Font Info:    External font `cmex10' loaded for size
(Font)              <20.74> on input line 19.
LaTeX Font Info:    External font `cmex10' loaded for size
(Font)              <12> on input line 19.
) (./capitole/pagina_titlu.tex [1

{/var/lib/texmf/fonts/map/pdftex/updmap/pdftex.map} <./imagini/sigla_fii.png>] 
[2])
(./capitole/declaratie_standard_originalitate.tex
LaTeX Font Info:    External font `cmex10' loaded for size
(Font)              <8> on input line 7.
LaTeX Font Info:    External font `cmex10' loaded for size
(Font)              <6> on input line 7.

Underfull \hbox (badness 10000) in paragraph at lines 18--19

 []


Underfull \hbox (badness 10000) in paragraph at lines 20--21

 []

[3

]) (./capitole/declaratie_standard_consimtamant.tex
Underfull \hbox (badness 10000) in paragraph at lines 1--3

 []


Underfull \hbox (badness 10000) in paragraph at lines 1--3

 []


Underfull \hbox (badness 10000) in paragraph at lines 8--10

 []


Underfull \hbox (badness 10000) in paragraph at lines 8--10

 []

LaTeX Font Info:    External font `cmex10' loaded for size
(Font)              <10.95> on input line 11.

Underfull \hbox (badness 10000) in paragraph at lines 15--19

 []


Underfull \hbox (badness 10000) in paragraph at lines 15--19

 []


Underfull \hbox (badness 10000) in paragraph at lines 15--19

 []


Underfull \hbox (badness 10000) in paragraph at lines 15--19

 []


Underfull \hbox (badness 10000) in paragraph at lines 20--21

 []

[4

]) (./capitole/introducere_si_contributii.tex
Overfull \hbox (6.78595pt too wide) in paragraph at lines 5--6
[]\OT1/cmr/m/n/10.95 Dilema pri-zo-ni-e-ru-lui este o pro-blem^^Ua ana-li-zat^^
Ua ^^^Pn te-o-ria jo-cu-ri-lor ^^^Pn care participan[]ii
 []

[5


]
LaTeX Font Info:    External font `cmex10' loaded for size
(Font)              <24.88> on input line 11.
LaTeX Font Info:    External font `cmex10' loaded for size
(Font)              <17.28> on input line 11.
) [6

] (./main.toc [7

])
\tf@toc=\write3
\openout3 = `main.toc'.

 [8] (./capitole/descriere_problema_iterata.tex
<imagini/matrice.png, id=43, 1284.8pt x 722.7pt>
File: imagini/matrice.png Graphic file (type png)
 <use imagini/matrice.png>
Package pdftex.def Info: imagini/matrice.png used on input line 20.
(pdftex.def)             Requested size: 404.65533pt x 227.61862pt.

Overfull \hbox (14.65533pt too wide) in paragraph at lines 20--20
 [][] 
 []

[9

] [10 <./imagini/matrice.png (PNG copy)>]
LaTeX Font Info:    Try loading font information for OMS+cmr on input line 48.

(/usr/share/texlive/texmf-dist/tex/latex/base/omscmr.fd
File: omscmr.fd 2014/09/29 v2.5h Standard LaTeX font definitions
)
LaTeX Font Info:    Font shape `OMS/cmr/m/n' in size <10.95> not available
(Font)              Font shape `OMS/cmsy/m/n' tried instead on input line 48.
LaTeX Font Info:    Try loading font information for OML+cmr on input line 59.

(/usr/share/texlive/texmf-dist/tex/latex/base/omlcmr.fd
File: omlcmr.fd 2014/09/29 v2.5h Standard LaTeX font definitions
)
LaTeX Font Info:    Font shape `OML/cmr/m/n' in size <10.95> not available
(Font)              Font shape `OML/cmm/m/it' tried instead on input line 59.
 [11]
LaTeX Font Info:    External font `cmex10' loaded for size
(Font)              <5> on input line 76.
 [12] [13])
[14

] (./capitole/algoritm_genetic.tex [15

]
<imagini/schema_algoritm_genetic.png, id=71, 1284.8pt x 722.7pt>
File: imagini/schema_algoritm_genetic.png Graphic file (type png)

<use imagini/schema_algoritm_genetic.png>
Package pdftex.def Info: imagini/schema_algoritm_genetic.png used on input line
 28.
(pdftex.def)             Requested size: 284.5193pt x 160.0421pt.
 [16

 <./imagini/schema_algoritm_genetic.png>]
Overfull \hbox (6.65945pt too wide) in paragraph at lines 45--45
[]\OT1/cmtt/m/n/10.95 calculeaz^^Ua valoarea func[]iei de optimizat pentru indi
vizii popula[]iei[] 
 []


Overfull \hbox (12.40814pt too wide) in paragraph at lines 45--45
[]     \OT1/cmtt/m/n/10.95 aplic^^Ua operatorul genetic ^^^Pncruci[]are, cu o a
numit^^Ua probabilitate[] 
 []


Overfull \hbox (35.4029pt too wide) in paragraph at lines 45--45
[]     \OT1/cmtt/m/n/10.95 calculeaz^^Ua valoarea func[]iei de optimizat pentru
 indivizii popula[]iei[] 
 []


Overfull \hbox (21.08945pt too wide) in paragraph at lines 67--68
[][]\OT1/cmr/m/n/10.95 Incruci[]area com-bin^^Ua ge-nele a doi \OT1/cmr/m/it/10
.95 cro-mo-zomi p^^Uarin[]i\OT1/cmr/m/n/10.95 , re-zult^and doi \OT1/cmr/bx/n/1
0.95 mo[]tenitori\OT1/cmr/m/n/10.95 .
 []

[17

] <imagini/incrucisare.png, id=81, 1284.8pt x 722.7pt>
File: imagini/incrucisare.png Graphic file (type png)

<use imagini/incrucisare.png>
Package pdftex.def Info: imagini/incrucisare.png used on input line 75.
(pdftex.def)             Requested size: 227.60759pt x 128.02927pt.
 <imagini/mutatie.png, id=82, 1284.8pt x 722.7pt>
File: imagini/mutatie.png Graphic file (type png)

<use imagini/mutatie.png>
Package pdftex.def Info: imagini/mutatie.png used on input line 88.
(pdftex.def)             Requested size: 227.60759pt x 128.02927pt.
 [18 <./imagini/incrucisare.png> <./imagini/mutatie.png>]) (./capitole/dezvolta
re_strategie_algoritm_genetic.tex [19


]
Underfull \hbox (badness 10000) in paragraph at lines 24--25

 []


Underfull \hbox (badness 10000) in paragraph at lines 44--45

 []

[20]
Underfull \hbox (badness 10000) in paragraph at lines 65--66

 []

[21] [22]
Overfull \hbox (7.78963pt too wide) in paragraph at lines 110--111
[]\OT1/cmr/m/n/10.95 Parametrii des-pre care dis-cut^^Uam sunt: di-men-siu-nea 
popula[]iei de an-tre-nare, num^^Uarul
 []

[23] [24]
<imagini/probabilitati_selectie_ruleta.png, id=107, 1284.8pt x 722.7pt>
File: imagini/probabilitati_selectie_ruleta.png Graphic file (type png)

<use imagini/probabilitati_selectie_ruleta.png>
Package pdftex.def Info: imagini/probabilitati_selectie_ruleta.png used on inpu
t line 164.
(pdftex.def)             Requested size: 303.4964pt x 170.71672pt.

Overfull \hbox (20.19974pt too wide) in paragraph at lines 169--170
[]\OT1/cmr/m/n/10.95 Figura 5[] re-pre-zint^^Ua un exem-plu de ru-let^^Ua di-vi
-zat^^Ua ^^^Pn pa-tru sec-toare de arii propor[]ionale
 []

<imagini/invartire_ruleta.png, id=108, 1284.8pt x 722.7pt>
File: imagini/invartire_ruleta.png Graphic file (type png)

<use imagini/invartire_ruleta.png>
Package pdftex.def Info: imagini/invartire_ruleta.png used on input line 177.
(pdftex.def)             Requested size: 303.4964pt x 170.71672pt.
 [25

 <./imagini/probabilitati_selectie_ruleta.png>]) [26 <./imagini/invartire_rulet
a.png>]
(./capitole/turnee_eliminatorii_intre_strategii.tex
Underfull \hbox (badness 10000) in paragraph at lines 14--19

 []


Underfull \hbox (badness 10000) in paragraph at lines 14--19

 []

[27

] [28]
Underfull \hbox (badness 10000) in paragraph at lines 42--43

 []


<imagini/experiment_1_epoch_1529303072346/chart_from_epoch_1529303304972.png, i
d=124, 722.7pt x 401.5pt>
File: imagini/experiment_1_epoch_1529303072346/chart_from_epoch_1529303304972.p
ng Graphic file (type png)

<use imagini/experiment_1_epoch_1529303072346/chart_from_epoch_1529303304972.pn
g>
Package pdftex.def Info: imagini/experiment_1_epoch_1529303072346/chart_from_ep
och_1529303304972.png used on input line 54.
(pdftex.def)             Requested size: 384.1209pt x 213.40048pt.
 [29]
<imagini/experiment_1_epoch_1529303072346/chart_from_epoch_1529303340019.png, i
d=128, 722.7pt x 401.5pt>
File: imagini/experiment_1_epoch_1529303072346/chart_from_epoch_1529303340019.p
ng Graphic file (type png)

<use imagini/experiment_1_epoch_1529303072346/chart_from_epoch_1529303340019.pn
g>
Package pdftex.def Info: imagini/experiment_1_epoch_1529303072346/chart_from_ep
och_1529303340019.png used on input line 64.
(pdftex.def)             Requested size: 384.1209pt x 213.40048pt.

<imagini/experiment_1_epoch_1529303072346/chart_from_epoch_1529303352244.png, i
d=129, 722.7pt x 401.5pt>
File: imagini/experiment_1_epoch_1529303072346/chart_from_epoch_1529303352244.p
ng Graphic file (type png)

<use imagini/experiment_1_epoch_1529303072346/chart_from_epoch_1529303352244.pn
g>
Package pdftex.def Info: imagini/experiment_1_epoch_1529303072346/chart_from_ep
och_1529303352244.png used on input line 74.
(pdftex.def)             Requested size: 384.1209pt x 213.40048pt.
 [30 <./imagini/experiment_1_epoch_1529303072346/chart_from_epoch_1529303304972
.png> <./imagini/experiment_1_epoch_1529303072346/chart_from_epoch_152930334001
9.png>]
<imagini/experiment_1_epoch_1529303072346/chart_from_epoch_1529303371162.png, i
d=135, 722.7pt x 401.5pt>
File: imagini/experiment_1_epoch_1529303072346/chart_from_epoch_1529303371162.p
ng Graphic file (type png)

<use imagini/experiment_1_epoch_1529303072346/chart_from_epoch_1529303371162.pn
g>
Package pdftex.def Info: imagini/experiment_1_epoch_1529303072346/chart_from_ep
och_1529303371162.png used on input line 84.
(pdftex.def)             Requested size: 384.1209pt x 213.40048pt.
 [31 <./imagini/experiment_1_epoch_1529303072346/chart_from_epoch_1529303352244
.png> <./imagini/experiment_1_epoch_1529303072346/chart_from_epoch_152930337116
2.png>]
Underfull \hbox (badness 10000) in paragraph at lines 94--95

 []


<imagini/experiment_2_epoch_1529309949939/chart_from_epoch_1529310422567.png, i
d=142, 722.7pt x 401.5pt>
File: imagini/experiment_2_epoch_1529309949939/chart_from_epoch_1529310422567.p
ng Graphic file (type png)

<use imagini/experiment_2_epoch_1529309949939/chart_from_epoch_1529310422567.pn
g>
Package pdftex.def Info: imagini/experiment_2_epoch_1529309949939/chart_from_ep
och_1529310422567.png used on input line 104.
(pdftex.def)             Requested size: 384.1209pt x 213.40048pt.

<imagini/experiment_2_epoch_1529309949939/chart_from_epoch_1529310399495.png, i
d=143, 722.7pt x 401.5pt>
File: imagini/experiment_2_epoch_1529309949939/chart_from_epoch_1529310399495.p
ng Graphic file (type png)

<use imagini/experiment_2_epoch_1529309949939/chart_from_epoch_1529310399495.pn
g>
Package pdftex.def Info: imagini/experiment_2_epoch_1529309949939/chart_from_ep
och_1529310399495.png used on input line 114.
(pdftex.def)             Requested size: 384.1209pt x 213.40048pt.
 [32 <./imagini/experiment_2_epoch_1529309949939/chart_from_epoch_1529310422567
.png>]
<imagini/experiment_2_epoch_1529309949939/chart_from_epoch_1529310386663.png, i
d=148, 722.7pt x 401.5pt>
File: imagini/experiment_2_epoch_1529309949939/chart_from_epoch_1529310386663.p
ng Graphic file (type png)

<use imagini/experiment_2_epoch_1529309949939/chart_from_epoch_1529310386663.pn
g>
Package pdftex.def Info: imagini/experiment_2_epoch_1529309949939/chart_from_ep
och_1529310386663.png used on input line 126.
(pdftex.def)             Requested size: 384.1209pt x 213.40048pt.
 [33 <./imagini/experiment_2_epoch_1529309949939/chart_from_epoch_1529310399495
.png> <./imagini/experiment_2_epoch_1529309949939/chart_from_epoch_152931038666
3.png>]
Underfull \hbox (badness 10000) in paragraph at lines 140--141

 []


<imagini/experiment_3_epoch_1529321586156/chart_from_epoch_1529323404815.png, i
d=154, 722.7pt x 401.5pt>
File: imagini/experiment_3_epoch_1529321586156/chart_from_epoch_1529323404815.p
ng Graphic file (type png)

<use imagini/experiment_3_epoch_1529321586156/chart_from_epoch_1529323404815.pn
g>
Package pdftex.def Info: imagini/experiment_3_epoch_1529321586156/chart_from_ep
och_1529323404815.png used on input line 148.
(pdftex.def)             Requested size: 384.1209pt x 213.40048pt.

<imagini/experiment_3_epoch_1529321586156/chart_from_epoch_1529323424012.png, i
d=155, 722.7pt x 401.5pt>
File: imagini/experiment_3_epoch_1529321586156/chart_from_epoch_1529323424012.p
ng Graphic file (type png)

<use imagini/experiment_3_epoch_1529321586156/chart_from_epoch_1529323424012.pn
g>
Package pdftex.def Info: imagini/experiment_3_epoch_1529321586156/chart_from_ep
och_1529323424012.png used on input line 158.
(pdftex.def)             Requested size: 384.1209pt x 213.40048pt.
 [34 <./imagini/experiment_3_epoch_1529321586156/chart_from_epoch_1529323404815
.png>]
Underfull \hbox (badness 10000) in paragraph at lines 167--168

 []


<imagini/experiment_4_epoch_1529323027289/chart_from_epoch_1529323309315.png, i
d=160, 722.7pt x 401.5pt>
File: imagini/experiment_4_epoch_1529323027289/chart_from_epoch_1529323309315.p
ng Graphic file (type png)

<use imagini/experiment_4_epoch_1529323027289/chart_from_epoch_1529323309315.pn
g>
Package pdftex.def Info: imagini/experiment_4_epoch_1529323027289/chart_from_ep
och_1529323309315.png used on input line 175.
(pdftex.def)             Requested size: 384.1209pt x 213.40048pt.
 [35 <./imagini/experiment_3_epoch_1529321586156/chart_from_epoch_1529323424012
.png>]
<imagini/experiment_4_epoch_1529323027289/chart_from_epoch_1529323321406.png, i
d=165, 722.7pt x 401.5pt>
File: imagini/experiment_4_epoch_1529323027289/chart_from_epoch_1529323321406.p
ng Graphic file (type png)

<use imagini/experiment_4_epoch_1529323027289/chart_from_epoch_1529323321406.pn
g>
Package pdftex.def Info: imagini/experiment_4_epoch_1529323027289/chart_from_ep
och_1529323321406.png used on input line 185.
(pdftex.def)             Requested size: 384.1209pt x 213.40048pt.
 [36 <./imagini/experiment_4_epoch_1529323027289/chart_from_epoch_1529323309315
.png> <./imagini/experiment_4_epoch_1529323027289/chart_from_epoch_152932332140
6.png>]
Underfull \hbox (badness 10000) in paragraph at lines 197--198

 []


<imagini/experiment_5_epoch_1529329866051/chart_from_epoch_1529413867604.png, i
d=171, 722.7pt x 401.5pt>
File: imagini/experiment_5_epoch_1529329866051/chart_from_epoch_1529413867604.p
ng Graphic file (type png)

<use imagini/experiment_5_epoch_1529329866051/chart_from_epoch_1529413867604.pn
g>
Package pdftex.def Info: imagini/experiment_5_epoch_1529329866051/chart_from_ep
och_1529413867604.png used on input line 211.
(pdftex.def)             Requested size: 384.1209pt x 213.40048pt.
 [37]
<imagini/experiment_5_epoch_1529329866051/chart_from_epoch_1529413879261.png, i
d=176, 722.7pt x 401.5pt>
File: imagini/experiment_5_epoch_1529329866051/chart_from_epoch_1529413879261.p
ng Graphic file (type png)

<use imagini/experiment_5_epoch_1529329866051/chart_from_epoch_1529413879261.pn
g>
Package pdftex.def Info: imagini/experiment_5_epoch_1529329866051/chart_from_ep
och_1529413879261.png used on input line 223.
(pdftex.def)             Requested size: 384.1209pt x 213.40048pt.
 [38 <./imagini/experiment_5_epoch_1529329866051/chart_from_epoch_1529413867604
.png>]
Underfull \hbox (badness 10000) in paragraph at lines 231--232

 []


<imagini/experiment_6_epoch_1529327580314/chart_from_epoch_1529416356254.png, i
d=181, 722.7pt x 401.5pt>
File: imagini/experiment_6_epoch_1529327580314/chart_from_epoch_1529416356254.p
ng Graphic file (type png)

<use imagini/experiment_6_epoch_1529327580314/chart_from_epoch_1529416356254.pn
g>
Package pdftex.def Info: imagini/experiment_6_epoch_1529327580314/chart_from_ep
och_1529416356254.png used on input line 243.
(pdftex.def)             Requested size: 384.1209pt x 213.40048pt.
 [39 <./imagini/experiment_5_epoch_1529329866051/chart_from_epoch_1529413879261
.png>]
<imagini/experiment_6_epoch_1529327580314/chart_from_epoch_1529416343328.png, i
d=186, 722.7pt x 401.5pt>
File: imagini/experiment_6_epoch_1529327580314/chart_from_epoch_1529416343328.p
ng Graphic file (type png)

<use imagini/experiment_6_epoch_1529327580314/chart_from_epoch_1529416343328.pn
g>
Package pdftex.def Info: imagini/experiment_6_epoch_1529327580314/chart_from_ep
och_1529416343328.png used on input line 253.
(pdftex.def)             Requested size: 384.1209pt x 213.40048pt.
) [40 <./imagini/experiment_6_epoch_1529327580314/chart_from_epoch_152941635625
4.png> <./imagini/experiment_6_epoch_1529327580314/chart_from_epoch_15294163433
28.png>] (./capitole/anexe.tex
Overfull \hbox (27.11775pt too wide) in paragraph at lines 5--6
[]\OT1/cmr/bx/n/10.95 Configura[]ia al-go-rit-mu-lui ge-ne-tic pen-tru pri-mul 
ex-pe-ri-ment este urm^^Uatoarea: 
 []


Underfull \hbox (badness 10000) in paragraph at lines 7--13

 []


Underfull \hbox (badness 10000) in paragraph at lines 31--33

 []

[41

]
Underfull \hbox (badness 10000) in paragraph at lines 52--58

 []

[42

]
Underfull \hbox (badness 10000) in paragraph at lines 84--90

 []


Underfull \hbox (badness 10000) in paragraph at lines 102--104

 []

[43

]
Underfull \hbox (badness 10000) in paragraph at lines 120--126

 []


Underfull \hbox (badness 10000) in paragraph at lines 138--140

 []

[44

]
Underfull \hbox (badness 10000) in paragraph at lines 156--162

 []


Underfull \hbox (badness 10000) in paragraph at lines 174--176

 []

[45

]
Underfull \hbox (badness 10000) in paragraph at lines 192--198

 []


Underfull \hbox (badness 10000) in paragraph at lines 210--212

 []

) (./capitole/concluziile_lucrarii.tex [46

] [47

]) (./capitole/bibliografie.tex
Overfull \hbox (33.7068pt too wide) in paragraph at lines 66--71
\OT1/cmtt/m/n/10.95 http://www.bel.utcluj.ro/rom/dce/goltean/tice/10[]Algoritmi
Genetici.pdf 
 []

[48


]) [49] (./main.aux) ) 
Here is how much of TeX's memory you used:
 5766 strings out of 494374
 86187 string characters out of 6164954
 153772 words of memory out of 5000000
 8948 multiletter control sequences out of 15000+600000
 15868 words of font info for 54 fonts, out of 8000000 for 9000
 350 hyphenation exceptions out of 8191
 38i,14n,39p,985b,1102s stack positions out of 5000i,500n,10000p,200000b,80000s
</usr/share/texlive/texmf-dist/fonts/type1/public/amsfont
s/cm/cmbx10.pfb></usr/share/texlive/texmf-dist/fonts/type1/public/amsfonts/cm/c
mbx12.pfb></usr/share/texlive/texmf-dist/fonts/type1/public/amsfonts/cm/cmbx6.p
fb></usr/share/texlive/texmf-dist/fonts/type1/public/amsfonts/cm/cmbx7.pfb></us
r/share/texlive/texmf-dist/fonts/type1/public/amsfonts/cm/cmbxti10.pfb></usr/sh
are/texlive/texmf-dist/fonts/type1/public/amsfonts/cm/cmmi10.pfb></usr/share/te
xlive/texmf-dist/fonts/type1/public/amsfonts/cm/cmr10.pfb></usr/share/texlive/t
exmf-dist/fonts/type1/public/amsfonts/cm/cmr12.pfb></usr/share/texlive/texmf-di
st/fonts/type1/public/amsfonts/cm/cmr17.pfb></usr/share/texlive/texmf-dist/font
s/type1/public/amsfonts/cm/cmr5.pfb></usr/share/texlive/texmf-dist/fonts/type1/
public/amsfonts/cm/cmr6.pfb></usr/share/texlive/texmf-dist/fonts/type1/public/a
msfonts/cm/cmr7.pfb></usr/share/texlive/texmf-dist/fonts/type1/public/amsfonts/
cm/cmr8.pfb></usr/share/texlive/texmf-dist/fonts/type1/public/amsfonts/cm/cmsy1
0.pfb></usr/share/texlive/texmf-dist/fonts/type1/public/amsfonts/cm/cmti10.pfb>
</usr/share/texlive/texmf-dist/fonts/type1/public/amsfonts/cm/cmti12.pfb></usr/
share/texlive/texmf-dist/fonts/type1/public/amsfonts/cm/cmti7.pfb></usr/share/t
exlive/texmf-dist/fonts/type1/public/amsfonts/cm/cmtt10.pfb></usr/share/texlive
/texmf-dist/fonts/type1/public/amsfonts/cm/cmtt8.pfb>
Output written on main.pdf (49 pages, 1042298 bytes).
PDF statistics:
 284 PDF objects out of 1000 (max. 8388607)
 169 compressed objects within 2 object streams
 0 named destinations out of 1000 (max. 500000)
 111 words of extra memory for PDF output out of 10000 (max. 10000000)

